<?xml version="1.0" encoding="UTF-8"?>
<testng-results ignored="0" total="2" passed="2" failed="0" skipped="0">
  <reporter-output>
  </reporter-output>
  <suite started-at="2021-11-19T22:43:09 IST" name="Default suite" finished-at="2021-11-19T22:44:52 IST" duration-ms="103004">
    <groups>
      <group name="cucumber">
        <method signature="AbstractTestNGCucumberTests.runScenario(io.cucumber.testng.PickleWrapper,io.cucumber.testng.FeatureWrapper)[pri:0, instance:TestRunner.TestRunner@6c284af]" name="runScenario" class="io.cucumber.testng.AbstractTestNGCucumberTests"/>
      </group> <!-- cucumber -->
    </groups>
    <test started-at="2021-11-19T22:43:09 IST" name="Default test" finished-at="2021-11-19T22:44:52 IST" duration-ms="103004">
      <class name="TestRunner.TestRunner">
        <test-method is-config="true" signature="setUpClass()[pri:0, instance:TestRunner.TestRunner@6c284af]" started-at="2021-11-19T22:43:09 IST" name="setUpClass" finished-at="2021-11-19T22:43:09 IST" duration-ms="493" status="PASS">
          <reporter-output>
          </reporter-output>
        </test-method> <!-- setUpClass -->
        <test-method signature="runScenario(io.cucumber.testng.PickleWrapper,io.cucumber.testng.FeatureWrapper)[pri:0, instance:TestRunner.TestRunner@6c284af]" started-at="2021-11-19T22:43:09 IST" name="runScenario" description="Runs Cucumber Scenarios" data-provider="scenarios" finished-at="2021-11-19T22:44:21 IST" duration-ms="71505" status="PASS">
          <params>
            <param index="0">
              <value>
                <![CDATA["Authenication"]]>
              </value>
            </param>
            <param index="1">
              <value>
                <![CDATA["Optional[feature name]"]]>
              </value>
            </param>
          </params>
          <reporter-output>
          </reporter-output>
        </test-method> <!-- runScenario -->
        <test-method signature="runScenario(io.cucumber.testng.PickleWrapper,io.cucumber.testng.FeatureWrapper)[pri:0, instance:TestRunner.TestRunner@6c284af]" started-at="2021-11-19T22:44:22 IST" name="runScenario" description="Runs Cucumber Scenarios" data-provider="scenarios" finished-at="2021-11-19T22:44:52 IST" duration-ms="29913" status="PASS">
          <params>
            <param index="0">
              <value>
                <![CDATA["google com"]]>
              </value>
            </param>
            <param index="1">
              <value>
                <![CDATA["Optional[open google]"]]>
              </value>
            </param>
          </params>
          <reporter-output>
          </reporter-output>
        </test-method> <!-- runScenario -->
        <test-method is-config="true" signature="tearDownClass()[pri:0, instance:TestRunner.TestRunner@6c284af]" started-at="2021-11-19T22:44:52 IST" name="tearDownClass" finished-at="2021-11-19T22:44:52 IST" duration-ms="29" status="PASS">
          <reporter-output>
          </reporter-output>
        </test-method> <!-- tearDownClass -->
      </class> <!-- TestRunner.TestRunner -->
    </test> <!-- Default test -->
  </suite> <!-- Default suite -->
</testng-results>
